<?xml version="1.0" encoding="UTF-8"?>
<!-- Generated by org.testng.reporters.JUnitXMLReporter -->
<testsuite ignored="2" hostname="LAPTOP-BJLM547G" failures="0" tests="1" name="Default test" time="17.13" errors="0" timestamp="2024-01-25T23:43:25 IST">
  <testcase classname="com.mystore.testcases.TC_ProductPageTest" name="verifyTextOnHomePage" time="10.234"/>
  <testcase classname="com.mystore.testcases.TC_ProductPageTest" name="VerifySearchProduct" time="0.0">
    <ignored/>
  </testcase> <!-- VerifySearchProduct -->
  <testcase classname="com.mystore.testcases.TC_ProductPageTest" name="VerifyBuyProduct" time="0.0">
    <ignored/>
  </testcase> <!-- VerifyBuyProduct -->
</testsuite> <!-- Default test -->
