<?xml version="1.0" encoding="UTF-8"?>
<!-- Generated by org.testng.reporters.JUnitXMLReporter -->
<testsuite ignored="1" hostname="LAPTOP-BJLM547G" failures="0" tests="1" name="Test(failed)(failed)" time="21.506" errors="0" timestamp="2024-01-22T17:59:02 IST">
  <testcase classname="com.mystore.testcases.TC_ProductPageTest" name="VerifyBuyProduct" time="15.29"/>
  <testcase classname="com.mystore.testcases.TC_ProductPageTest" name="VerifySearchProduct" time="0.0">
    <ignored/>
  </testcase> <!-- VerifySearchProduct -->
</testsuite> <!-- Test(failed)(failed) -->
