<?xml version="1.0" encoding="UTF-8"?>
<!-- Generated by org.testng.reporters.JUnitXMLReporter -->
<testsuite ignored="0" hostname="LAPTOP-BJLM547G" failures="0" tests="3" name="Test" time="37.501" errors="0" timestamp="2024-01-25T23:59:42 IST">
  <testcase classname="com.mystore.testcases.TC_ProductPageTest" name="verifyTextOnHomePage" time="10.226"/>
  <testcase classname="com.mystore.testcases.TC_ProductPageTest" name="VerifyBuyProduct" time="18.696"/>
  <testcase classname="com.mystore.testcases.TC_ProductPageTest" name="VerifySearchProduct" time="2.557"/>
</testsuite> <!-- Test -->
