<?xml version="1.0" encoding="UTF-8"?>
<!-- Generated by org.testng.reporters.JUnitXMLReporter -->
<testsuite ignored="0" hostname="LAPTOP-BJLM547G" failures="0" tests="3" name="Test" time="39.713" errors="0" timestamp="2024-01-26T17:19:04 IST">
  <testcase classname="com.mystore.testcases.TC_ProductPageTest" name="verifyTextOnHomePage" time="10.304"/>
  <testcase classname="com.mystore.testcases.TC_ProductPageTest" name="VerifyBuyProduct" time="19.86"/>
  <testcase classname="com.mystore.testcases.TC_ProductPageTest" name="VerifySearchProduct" time="3.415"/>
</testsuite> <!-- Test -->
