<?xml version="1.0" encoding="UTF-8"?>
<testng-results ignored="0" total="3" passed="3" failed="0" skipped="0">
  <reporter-output>
  </reporter-output>
  <suite started-at="2024-01-26T17:18:24 IST" name="Suite" finished-at="2024-01-26T17:19:03 IST" duration-ms="39713">
    <groups>
    </groups>
    <test started-at="2024-01-26T17:18:24 IST" name="Test" finished-at="2024-01-26T17:19:03 IST" duration-ms="39713">
      <class name="com.mystore.testcases.TC_ProductPageTest">
        <test-method is-config="true" signature="setup()[pri:0, instance:com.mystore.testcases.TC_ProductPageTest@2898ac89]" started-at="2024-01-26T17:18:24 IST" name="setup" finished-at="2024-01-26T17:18:29 IST" duration-ms="5550" status="PASS">
          <reporter-output>
          </reporter-output>
        </test-method> <!-- setup -->
        <test-method signature="verifyTextOnHomePage()[pri:1, instance:com.mystore.testcases.TC_ProductPageTest@2898ac89]" started-at="2024-01-26T17:18:29 IST" name="verifyTextOnHomePage" finished-at="2024-01-26T17:18:40 IST" duration-ms="10304" status="PASS">
          <reporter-output>
          </reporter-output>
        </test-method> <!-- verifyTextOnHomePage -->
        <test-method signature="VerifyBuyProduct()[pri:2, instance:com.mystore.testcases.TC_ProductPageTest@2898ac89]" started-at="2024-01-26T17:18:40 IST" name="VerifyBuyProduct" finished-at="2024-01-26T17:19:00 IST" duration-ms="19860" status="PASS">
          <reporter-output>
          </reporter-output>
        </test-method> <!-- VerifyBuyProduct -->
        <test-method signature="VerifySearchProduct()[pri:3, instance:com.mystore.testcases.TC_ProductPageTest@2898ac89]" started-at="2024-01-26T17:19:00 IST" name="VerifySearchProduct" finished-at="2024-01-26T17:19:03 IST" duration-ms="3415" status="PASS">
          <reporter-output>
          </reporter-output>
        </test-method> <!-- VerifySearchProduct -->
        <test-method is-config="true" signature="tearDown()[pri:0, instance:com.mystore.testcases.TC_ProductPageTest@2898ac89]" started-at="2024-01-26T17:19:03 IST" name="tearDown" finished-at="2024-01-26T17:19:03 IST" duration-ms="349" status="PASS">
          <reporter-output>
          </reporter-output>
        </test-method> <!-- tearDown -->
      </class> <!-- com.mystore.testcases.TC_ProductPageTest -->
    </test> <!-- Test -->
  </suite> <!-- Suite -->
</testng-results>
