<?xml version="1.0" encoding="UTF-8"?>
<testsuite xmlns:xsi="http://www.w3.org/2001/XMLSchema-instance" xsi:noNamespaceSchemaLocation="https://maven.apache.org/surefire/maven-surefire-plugin/xsd/surefire-test-report-3.0.xsd" version="3.0" name="TestSuite" time="40.725" tests="3" errors="0" skipped="0" failures="0">
  <properties>
[...]
</properties>
  <testcase name="verifyTextOnHomePage" classname="com.mystore.testcases.TC_ProductPageTest" time="10.33">
    <system-out><![CDATA[17:18:23.912 [main] DEBUG org.testng.TestNG - suiteXmlPath: "C:\Users\Shashikant\eclipse-workspace\MyStoreV1\testng.xml"
On Start method invoked....
17:18:24.316 [main] DEBUG io.github.bonigarcia.wdm.WebDriverManager - Using WebDriverManager 5.6.3
Name of test method started : verifyTextOnHomePage
Name of test method sucessfully executed : verifyTextOnHomePage
]]></system-out>
  </testcase>
  <testcase name="VerifyBuyProduct" classname="com.mystore.testcases.TC_ProductPageTest" time="19.861">
    <system-out><![CDATA[Name of test method started : VerifyBuyProduct
Name of test method sucessfully executed : VerifyBuyProduct
]]></system-out>
  </testcase>
  <testcase name="VerifySearchProduct" classname="com.mystore.testcases.TC_ProductPageTest" time="3.416">
    <system-out><![CDATA[Name of test method started : VerifySearchProduct
Name of test method sucessfully executed : VerifySearchProduct
]]></system-out>
  </testcase>
</testsuite>