<?xml version="1.0" encoding="UTF-8"?>
<testng-results ignored="0" total="3" passed="3" failed="0" skipped="0">
  <reporter-output>
  </reporter-output>
  <suite started-at="2024-01-25T23:59:04 IST" name="Suite" finished-at="2024-01-25T23:59:41 IST" duration-ms="37501">
    <groups>
    </groups>
    <test started-at="2024-01-25T23:59:04 IST" name="Test" finished-at="2024-01-25T23:59:41 IST" duration-ms="37501">
      <class name="com.mystore.testcases.TC_ProductPageTest">
        <test-method is-config="true" signature="setup()[pri:0, instance:com.mystore.testcases.TC_ProductPageTest@1cbb87f3]" started-at="2024-01-25T23:59:04 IST" name="setup" finished-at="2024-01-25T23:59:10 IST" duration-ms="5634" status="PASS">
          <reporter-output>
          </reporter-output>
        </test-method> <!-- setup -->
        <test-method signature="verifyTextOnHomePage()[pri:1, instance:com.mystore.testcases.TC_ProductPageTest@1cbb87f3]" started-at="2024-01-25T23:59:10 IST" name="verifyTextOnHomePage" finished-at="2024-01-25T23:59:20 IST" duration-ms="10226" status="PASS">
          <reporter-output>
          </reporter-output>
        </test-method> <!-- verifyTextOnHomePage -->
        <test-method signature="VerifyBuyProduct()[pri:2, instance:com.mystore.testcases.TC_ProductPageTest@1cbb87f3]" started-at="2024-01-25T23:59:20 IST" name="VerifyBuyProduct" finished-at="2024-01-25T23:59:39 IST" duration-ms="18696" status="PASS">
          <reporter-output>
          </reporter-output>
        </test-method> <!-- VerifyBuyProduct -->
        <test-method signature="VerifySearchProduct()[pri:3, instance:com.mystore.testcases.TC_ProductPageTest@1cbb87f3]" started-at="2024-01-25T23:59:39 IST" name="VerifySearchProduct" finished-at="2024-01-25T23:59:41 IST" duration-ms="2557" status="PASS">
          <reporter-output>
          </reporter-output>
        </test-method> <!-- VerifySearchProduct -->
        <test-method is-config="true" signature="tearDown()[pri:0, instance:com.mystore.testcases.TC_ProductPageTest@1cbb87f3]" started-at="2024-01-25T23:59:41 IST" name="tearDown" finished-at="2024-01-25T23:59:41 IST" duration-ms="188" status="PASS">
          <reporter-output>
          </reporter-output>
        </test-method> <!-- tearDown -->
      </class> <!-- com.mystore.testcases.TC_ProductPageTest -->
    </test> <!-- Test -->
  </suite> <!-- Suite -->
</testng-results>
